# JRE version: OpenJDK Runtime Environment Temurin-17.0.6+10 (17.0.6+10) (build 17.0.6+10)
# Java VM: OpenJDK 64-Bit Server VM Temurin-17.0.6+10 (17.0.6+10, mixed mode, tiered, compressed oops, compressed class ptrs, parallel gc, windows-amd64)
GC Precious Log:
 CPUs: 8 total, 8 available
 Memory: 6081M
 Large Page Support: Disabled
 NUMA Support: Disabled
 Compressed Oops: Enabled (32-bit)
 Alignments: Space 512K, Generation 512K, Heap 2M
 Heap Min Capacity: 100M
 Heap Initial Capacity: 100M
 Heap Max Capacity: 1G
 Pre-touch: Disabled
 Parallel Workers: 8
Heap:
 PSYoungGen      total 23552K, used 3970K [0x00000000eab00000, 0x00000000ec600000, 0x0000000100000000)
  eden space 22016K, 11% used [0x00000000eab00000,0x00000000ead809e8,0x00000000ec080000)
  from space 1536K, 91% used [0x00000000ec480000,0x00000000ec5e0000,0x00000000ec600000)
  to   space 1536K, 0% used [0x00000000ec300000,0x00000000ec300000,0x00000000ec480000)
 ParOldGen       total 68608K, used 15080K [0x00000000c0000000, 0x00000000c4300000, 0x00000000eab00000)
  object space 68608K, 21% used [0x00000000c0000000,0x00000000c0eba248,0x00000000c4300000)
 Metaspace       used 43524K, committed 44288K, reserved 1089536K
  class space    used 4656K, committed 4992K, reserved 1048576K
GC Heap History (20 events):
Event: 8.172 GC heap before
{Heap before GC invocations=5 (full 1):
 PSYoungGen      total 29696K, used 4092K [0x00000000eab00000, 0x00000000ecc00000, 0x0000000100000000)
  eden space 25600K, 0% used [0x00000000eab00000,0x00000000eab00000,0x00000000ec400000)
  from space 4096K, 99% used [0x00000000ec800000,0x00000000ecbff288,0x00000000ecc00000)
  to   space 4096K, 0% used [0x00000000ec400000,0x00000000ec400000,0x00000000ec800000)
 ParOldGen       total 68608K, used 4674K [0x00000000c0000000, 0x00000000c4300000, 0x00000000eab00000)
  object space 68608K, 6% used [0x00000000c0000000,0x00000000c0490a50,0x00000000c4300000)
 Metaspace       used 21055K, committed 21504K, reserved 1073152K
  class space    used 2126K, committed 2368K, reserved 1048576K
}
Event: 8.195 GC heap after
{Heap after GC invocations=5 (full 1):
 PSYoungGen      total 29696K, used 0K [0x00000000eab00000, 0x00000000ecc00000, 0x0000000100000000)
  eden space 25600K, 0% used [0x00000000eab00000,0x00000000eab00000,0x00000000ec400000)
  from space 4096K, 0% used [0x00000000ec800000,0x00000000ec800000,0x00000000ecc00000)
  to   space 4096K, 0% used [0x00000000ec400000,0x00000000ec400000,0x00000000ec800000)
 ParOldGen       total 68608K, used 8577K [0x00000000c0000000, 0x00000000c4300000, 0x00000000eab00000)
  object space 68608K, 12% used [0x00000000c0000000,0x00000000c0860768,0x00000000c4300000)
 Metaspace       used 21041K, committed 21504K, reserved 1073152K
  class space    used 2123K, committed 2368K, reserved 1048576K
}
Event: 10.746 GC heap before
{Heap before GC invocations=6 (full 1):
 PSYoungGen      total 29696K, used 25600K [0x00000000eab00000, 0x00000000ecc00000, 0x0000000100000000)
  eden space 25600K, 100% used [0x00000000eab00000,0x00000000ec400000,0x00000000ec400000)
  from space 4096K, 0% used [0x00000000ec800000,0x00000000ec800000,0x00000000ecc00000)
  to   space 4096K, 0% used [0x00000000ec400000,0x00000000ec400000,0x00000000ec800000)
 ParOldGen       total 68608K, used 8577K [0x00000000c0000000, 0x00000000c4300000, 0x00000000eab00000)
  object space 68608K, 12% used [0x00000000c0000000,0x00000000c0860768,0x00000000c4300000)
 Metaspace       used 24500K, committed 25152K, reserved 1073152K
  class space    used 2533K, committed 2816K, reserved 1048576K
}
Event: 10.748 GC heap after
{Heap after GC invocations=6 (full 1):
 PSYoungGen      total 27648K, used 2133K [0x00000000eab00000, 0x00000000eca80000, 0x0000000100000000)
  eden space 25088K, 0% used [0x00000000eab00000,0x00000000eab00000,0x00000000ec380000)
  from space 2560K, 83% used [0x00000000ec400000,0x00000000ec615670,0x00000000ec680000)
  to   space 3584K, 0% used [0x00000000ec700000,0x00000000ec700000,0x00000000eca80000)
 ParOldGen       total 68608K, used 8585K [0x00000000c0000000, 0x00000000c4300000, 0x00000000eab00000)
  object space 68608K, 12% used [0x00000000c0000000,0x00000000c0862768,0x00000000c4300000)
 Metaspace       used 24500K, committed 25152K, reserved 1073152K
  class space    used 2533K, committed 2816K, reserved 1048576K
}
Event: 10.989 GC heap before
{Heap before GC invocations=7 (full 1):
 PSYoungGen      total 27648K, used 27221K [0x00000000eab00000, 0x00000000eca80000, 0x0000000100000000)
  eden space 25088K, 100% used [0x00000000eab00000,0x00000000ec380000,0x00000000ec380000)
  from space 2560K, 83% used [0x00000000ec400000,0x00000000ec615670,0x00000000ec680000)
  to   space 3584K, 0% used [0x00000000ec700000,0x00000000ec700000,0x00000000eca80000)
 ParOldGen       total 68608K, used 8585K [0x00000000c0000000, 0x00000000c4300000, 0x00000000eab00000)
  object space 68608K, 12% used [0x00000000c0000000,0x00000000c0862768,0x00000000c4300000)
 Metaspace       used 27947K, committed 28544K, reserved 1081344K
  class space    used 2782K, committed 3072K, reserved 1048576K
}
Event: 10.991 GC heap after
{Heap after GC invocations=7 (full 1):
 PSYoungGen      total 27136K, used 2492K [0x00000000eab00000, 0x00000000ec980000, 0x0000000100000000)
  eden space 24576K, 0% used [0x00000000eab00000,0x00000000eab00000,0x00000000ec300000)
  from space 2560K, 97% used [0x00000000ec700000,0x00000000ec96f3c8,0x00000000ec980000)
  to   space 3072K, 0% used [0x00000000ec380000,0x00000000ec380000,0x00000000ec680000)
 ParOldGen       total 68608K, used 8585K [0x00000000c0000000, 0x00000000c4300000, 0x00000000eab00000)
  object space 68608K, 12% used [0x00000000c0000000,0x00000000c0862768,0x00000000c4300000)
 Metaspace       used 27947K, committed 28544K, reserved 1081344K
  class space    used 2782K, committed 3072K, reserved 1048576K
}
Event: 11.271 GC heap before
{Heap before GC invocations=8 (full 1):
 PSYoungGen      total 27136K, used 27068K [0x00000000eab00000, 0x00000000ec980000, 0x0000000100000000)
  eden space 24576K, 100% used [0x00000000eab00000,0x00000000ec300000,0x00000000ec300000)
  from space 2560K, 97% used [0x00000000ec700000,0x00000000ec96f3c8,0x00000000ec980000)
  to   space 3072K, 0% used [0x00000000ec380000,0x00000000ec380000,0x00000000ec680000)
 ParOldGen       total 68608K, used 8585K [0x00000000c0000000, 0x00000000c4300000, 0x00000000eab00000)
  object space 68608K, 12% used [0x00000000c0000000,0x00000000c0862768,0x00000000c4300000)
 Metaspace       used 30432K, committed 31104K, reserved 1081344K
  class space    used 2974K, committed 3264K, reserved 1048576K
}
Event: 11.273 GC heap after
{Heap after GC invocations=8 (full 1):
 PSYoungGen      total 27136K, used 3057K [0x00000000eab00000, 0x00000000eca80000, 0x0000000100000000)
  eden space 24064K, 0% used [0x00000000eab00000,0x00000000eab00000,0x00000000ec280000)
  from space 3072K, 99% used [0x00000000ec380000,0x00000000ec67c6f8,0x00000000ec680000)
  to   space 4096K, 0% used [0x00000000ec680000,0x00000000ec680000,0x00000000eca80000)
 ParOldGen       total 68608K, used 9329K [0x00000000c0000000, 0x00000000c4300000, 0x00000000eab00000)
  object space 68608K, 13% used [0x00000000c0000000,0x00000000c091c788,0x00000000c4300000)
 Metaspace       used 30432K, committed 31104K, reserved 1081344K
  class space    used 2974K, committed 3264K, reserved 1048576K
}
Event: 11.764 GC heap before
{Heap before GC invocations=9 (full 1):
 PSYoungGen      total 27136K, used 27119K [0x00000000eab00000, 0x00000000eca80000, 0x0000000100000000)
  eden space 24064K, 99% used [0x00000000eab00000,0x00000000ec27f6e0,0x00000000ec280000)
  from space 3072K, 99% used [0x00000000ec380000,0x00000000ec67c6f8,0x00000000ec680000)
  to   space 4096K, 0% used [0x00000000ec680000,0x00000000ec680000,0x00000000eca80000)
 ParOldGen       total 68608K, used 9329K [0x00000000c0000000, 0x00000000c4300000, 0x00000000eab00000)
  object space 68608K, 13% used [0x00000000c0000000,0x00000000c091c788,0x00000000c4300000)
 Metaspace       used 34213K, committed 34880K, reserved 1081344K
  class space    used 3429K, committed 3712K, reserved 1048576K
}
Event: 11.766 GC heap after
{Heap after GC invocations=9 (full 1):
 PSYoungGen      total 27648K, used 4094K [0x00000000eab00000, 0x00000000ecb00000, 0x0000000100000000)
  eden space 23552K, 0% used [0x00000000eab00000,0x00000000eab00000,0x00000000ec200000)
  from space 4096K, 99% used [0x00000000ec680000,0x00000000eca7fad8,0x00000000eca80000)
  to   space 4608K, 0% used [0x00000000ec200000,0x00000000ec200000,0x00000000ec680000)
 ParOldGen       total 68608K, used 9425K [0x00000000c0000000, 0x00000000c4300000, 0x00000000eab00000)
  object space 68608K, 13% used [0x00000000c0000000,0x00000000c0934788,0x00000000c4300000)
 Metaspace       used 34213K, committed 34880K, reserved 1081344K
  class space    used 3429K, committed 3712K, reserved 1048576K
}
Event: 11.819 GC heap before
{Heap before GC invocations=10 (full 1):
 PSYoungGen      total 27648K, used 9463K [0x00000000eab00000, 0x00000000ecb00000, 0x0000000100000000)
  eden space 23552K, 22% used [0x00000000eab00000,0x00000000eb03e160,0x00000000ec200000)
  from space 4096K, 99% used [0x00000000ec680000,0x00000000eca7fad8,0x00000000eca80000)
  to   space 4608K, 0% used [0x00000000ec200000,0x00000000ec200000,0x00000000ec680000)
 ParOldGen       total 68608K, used 9425K [0x00000000c0000000, 0x00000000c4300000, 0x00000000eab00000)
  object space 68608K, 13% used [0x00000000c0000000,0x00000000c0934788,0x00000000c4300000)
 Metaspace       used 35131K, committed 35840K, reserved 1081344K
  class space    used 3560K, committed 3904K, reserved 1048576K
}
Event: 11.822 GC heap after
{Heap after GC invocations=10 (full 1):
 PSYoungGen      total 26112K, used 2537K [0x00000000eab00000, 0x00000000ec900000, 0x0000000100000000)
  eden space 23552K, 0% used [0x00000000eab00000,0x00000000eab00000,0x00000000ec200000)
  from space 2560K, 99% used [0x00000000ec200000,0x00000000ec47a5f8,0x00000000ec480000)
  to   space 3584K, 0% used [0x00000000ec580000,0x00000000ec580000,0x00000000ec900000)
 ParOldGen       total 68608K, used 11237K [0x00000000c0000000, 0x00000000c4300000, 0x00000000eab00000)
  object space 68608K, 16% used [0x00000000c0000000,0x00000000c0af94b8,0x00000000c4300000)
 Metaspace       used 35131K, committed 35840K, reserved 1081344K
  class space    used 3560K, committed 3904K, reserved 1048576K
}
Event: 11.822 GC heap before
{Heap before GC invocations=11 (full 2):
 PSYoungGen      total 26112K, used 2537K [0x00000000eab00000, 0x00000000ec900000, 0x0000000100000000)
  eden space 23552K, 0% used [0x00000000eab00000,0x00000000eab00000,0x00000000ec200000)
  from space 2560K, 99% used [0x00000000ec200000,0x00000000ec47a5f8,0x00000000ec480000)
  to   space 3584K, 0% used [0x00000000ec580000,0x00000000ec580000,0x00000000ec900000)
 ParOldGen       total 68608K, used 11237K [0x00000000c0000000, 0x00000000c4300000, 0x00000000eab00000)
  object space 68608K, 16% used [0x00000000c0000000,0x00000000c0af94b8,0x00000000c4300000)
 Metaspace       used 35131K, committed 35840K, reserved 1081344K
  class space    used 3560K, committed 3904K, reserved 1048576K
}
Event: 11.845 GC heap after
{Heap after GC invocations=11 (full 2):
 PSYoungGen      total 26112K, used 0K [0x00000000eab00000, 0x00000000ec900000, 0x0000000100000000)
  eden space 23552K, 0% used [0x00000000eab00000,0x00000000eab00000,0x00000000ec200000)
  from space 2560K, 0% used [0x00000000ec200000,0x00000000ec200000,0x00000000ec480000)
  to   space 3584K, 0% used [0x00000000ec580000,0x00000000ec580000,0x00000000ec900000)
 ParOldGen       total 68608K, used 13397K [0x00000000c0000000, 0x00000000c4300000, 0x00000000eab00000)
  object space 68608K, 19% used [0x00000000c0000000,0x00000000c0d154f8,0x00000000c4300000)
 Metaspace       used 35131K, committed 35840K, reserved 1081344K
  class space    used 3560K, committed 3904K, reserved 1048576K
}
Event: 12.018 GC heap before
{Heap before GC invocations=12 (full 2):
 PSYoungGen      total 26112K, used 23552K [0x00000000eab00000, 0x00000000ec900000, 0x0000000100000000)
  eden space 23552K, 100% used [0x00000000eab00000,0x00000000ec200000,0x00000000ec200000)
  from space 2560K, 0% used [0x00000000ec200000,0x00000000ec200000,0x00000000ec480000)
  to   space 3584K, 0% used [0x00000000ec580000,0x00000000ec580000,0x00000000ec900000)
 ParOldGen       total 68608K, used 13397K [0x00000000c0000000, 0x00000000c4300000, 0x00000000eab00000)
  object space 68608K, 19% used [0x00000000c0000000,0x00000000c0d154f8,0x00000000c4300000)
 Metaspace       used 37696K, committed 38400K, reserved 1089536K
  class space    used 3916K, committed 4224K, reserved 1048576K
}
Event: 12.020 GC heap after
{Heap after GC invocations=12 (full 2):
 PSYoungGen      total 24576K, used 1085K [0x00000000eab00000, 0x00000000ec700000, 0x0000000100000000)
  eden space 23040K, 0% used [0x00000000eab00000,0x00000000eab00000,0x00000000ec180000)
  from space 1536K, 70% used [0x00000000ec580000,0x00000000ec68f5f8,0x00000000ec700000)
  to   space 2048K, 0% used [0x00000000ec300000,0x00000000ec300000,0x00000000ec500000)
 ParOldGen       total 68608K, used 13405K [0x00000000c0000000, 0x00000000c4300000, 0x00000000eab00000)
  object space 68608K, 19% used [0x00000000c0000000,0x00000000c0d174f8,0x00000000c4300000)
 Metaspace       used 37696K, committed 38400K, reserved 1089536K
  class space    used 3916K, committed 4224K, reserved 1048576K
}
Event: 12.295 GC heap before
{Heap before GC invocations=13 (full 2):
 PSYoungGen      total 24576K, used 24125K [0x00000000eab00000, 0x00000000ec700000, 0x0000000100000000)
  eden space 23040K, 100% used [0x00000000eab00000,0x00000000ec180000,0x00000000ec180000)
  from space 1536K, 70% used [0x00000000ec580000,0x00000000ec68f5f8,0x00000000ec700000)
  to   space 2048K, 0% used [0x00000000ec300000,0x00000000ec300000,0x00000000ec500000)
 ParOldGen       total 68608K, used 13405K [0x00000000c0000000, 0x00000000c4300000, 0x00000000eab00000)
  object space 68608K, 19% used [0x00000000c0000000,0x00000000c0d174f8,0x00000000c4300000)
 Metaspace       used 40304K, committed 41088K, reserved 1089536K
  class space    used 4250K, committed 4608K, reserved 1048576K
}
Event: 12.297 GC heap after
{Heap after GC invocations=13 (full 2):
 PSYoungGen      total 24064K, used 1056K [0x00000000eab00000, 0x00000000ec600000, 0x0000000100000000)
  eden space 22528K, 0% used [0x00000000eab00000,0x00000000eab00000,0x00000000ec100000)
  from space 1536K, 68% used [0x00000000ec300000,0x00000000ec408000,0x00000000ec480000)
  to   space 1536K, 0% used [0x00000000ec480000,0x00000000ec480000,0x00000000ec600000)
 ParOldGen       total 68608K, used 14156K [0x00000000c0000000, 0x00000000c4300000, 0x00000000eab00000)
  object space 68608K, 20% used [0x00000000c0000000,0x00000000c0dd3010,0x00000000c4300000)
 Metaspace       used 40304K, committed 41088K, reserved 1089536K
  class space    used 4250K, committed 4608K, reserved 1048576K
}
Event: 12.744 GC heap before
{Heap before GC invocations=14 (full 2):
 PSYoungGen      total 24064K, used 23584K [0x00000000eab00000, 0x00000000ec600000, 0x0000000100000000)
  eden space 22528K, 100% used [0x00000000eab00000,0x00000000ec100000,0x00000000ec100000)
  from space 1536K, 68% used [0x00000000ec300000,0x00000000ec408000,0x00000000ec480000)
  to   space 1536K, 0% used [0x00000000ec480000,0x00000000ec480000,0x00000000ec600000)
 ParOldGen       total 68608K, used 14156K [0x00000000c0000000, 0x00000000c4300000, 0x00000000eab00000)
  object space 68608K, 20% used [0x00000000c0000000,0x00000000c0dd3010,0x00000000c4300000)
 Metaspace       used 43211K, committed 44032K, reserved 1089536K
  class space    used 4619K, committed 4992K, reserved 1048576K
}
Event: 12.746 GC heap after
{Heap after GC invocations=14 (full 2):
 PSYoungGen      total 23552K, used 1408K [0x00000000eab00000, 0x00000000ec600000, 0x0000000100000000)
  eden space 22016K, 0% used [0x00000000eab00000,0x00000000eab00000,0x00000000ec080000)
  from space 1536K, 91% used [0x00000000ec480000,0x00000000ec5e0000,0x00000000ec600000)
  to   space 1536K, 0% used [0x00000000ec300000,0x00000000ec300000,0x00000000ec480000)
 ParOldGen       total 68608K, used 15080K [0x00000000c0000000, 0x00000000c4300000, 0x00000000eab00000)
  object space 68608K, 21% used [0x00000000c0000000,0x00000000c0eba248,0x00000000c4300000)
 Metaspace       used 43211K, committed 44032K, reserved 1089536K
  class space    used 4619K, committed 4992K, reserved 1048576K
}

